The system is: Linux - sh: 0: getcwd() failed: No such file or directory
5.0.5 - sh: 0: getcwd() failed: No such file or directory
x86_64
Determining if the C compiler works passed with the following output:
Change Dir: /home/alix/projects/Zambretti/build/CMakeFiles/CMakeTmp

Run Build Command:"/usr/bin/make" "cmTC_8c397/fast"
/usr/bin/make -f CMakeFiles/cmTC_8c397.dir/build.make CMakeFiles/cmTC_8c397.dir/build
make[1]: Entering directory '/home/alix/projects/Zambretti/build/CMakeFiles/CMakeTmp'
Building C object CMakeFiles/cmTC_8c397.dir/testCCompiler.c.o
/usr/bin/cc    -o CMakeFiles/cmTC_8c397.dir/testCCompiler.c.o   -c /home/alix/projects/Zambretti/build/CMakeFiles/CMakeTmp/testCCompiler.c
Linking C executable cmTC_8c397
/usr/bin/cmake -E cmake_link_script CMakeFiles/cmTC_8c397.dir/link.txt --verbose=1
/usr/bin/cc      CMakeFiles/cmTC_8c397.dir/testCCompiler.c.o  -o cmTC_8c397 
make[1]: Leaving directory '/home/alix/projects/Zambretti/build/CMakeFiles/CMakeTmp'


Detecting C compiler ABI info compiled with the following output:
Change Dir: /home/alix/projects/Zambretti/build/CMakeFiles/CMakeTmp

Run Build Command:"/usr/bin/make" "cmTC_8dd6a/fast"
/usr/bin/make -f CMakeFiles/cmTC_8dd6a.dir/build.make CMakeFiles/cmTC_8dd6a.dir/build
make[1]: Entering directory '/home/alix/projects/Zambretti/build/CMakeFiles/CMakeTmp'
Building C object CMakeFiles/cmTC_8dd6a.dir/CMakeCCompilerABI.c.o
/usr/bin/cc    -o CMakeFiles/cmTC_8dd6a.dir/CMakeCCompilerABI.c.o   -c /usr/share/cmake-3.12/Modules/CMakeCCompilerABI.c
Linking C executable cmTC_8dd6a
/usr/bin/cmake -E cmake_link_script CMakeFiles/cmTC_8dd6a.dir/link.txt --verbose=1
/usr/bin/cc      CMakeFiles/cmTC_8dd6a.dir/CMakeCCompilerABI.c.o  -o cmTC_8dd6a 
make[1]: Leaving directory '/home/alix/projects/Zambretti/build/CMakeFiles/CMakeTmp'


Determining if the CXX compiler works passed with the following output:
Change Dir: /home/alix/projects/Zambretti/build/CMakeFiles/CMakeTmp

Run Build Command:"/usr/bin/make" "cmTC_33cea/fast"
/usr/bin/make -f CMakeFiles/cmTC_33cea.dir/build.make CMakeFiles/cmTC_33cea.dir/build
make[1]: Entering directory '/home/alix/projects/Zambretti/build/CMakeFiles/CMakeTmp'
Building CXX object CMakeFiles/cmTC_33cea.dir/testCXXCompiler.cxx.o
/usr/bin/c++     -o CMakeFiles/cmTC_33cea.dir/testCXXCompiler.cxx.o -c /home/alix/projects/Zambretti/build/CMakeFiles/CMakeTmp/testCXXCompiler.cxx
Linking CXX executable cmTC_33cea
/usr/bin/cmake -E cmake_link_script CMakeFiles/cmTC_33cea.dir/link.txt --verbose=1
/usr/bin/c++       CMakeFiles/cmTC_33cea.dir/testCXXCompiler.cxx.o  -o cmTC_33cea 
make[1]: Leaving directory '/home/alix/projects/Zambretti/build/CMakeFiles/CMakeTmp'


Detecting CXX compiler ABI info compiled with the following output:
Change Dir: /home/alix/projects/Zambretti/build/CMakeFiles/CMakeTmp

Run Build Command:"/usr/bin/make" "cmTC_ac29b/fast"
/usr/bin/make -f CMakeFiles/cmTC_ac29b.dir/build.make CMakeFiles/cmTC_ac29b.dir/build
make[1]: Entering directory '/home/alix/projects/Zambretti/build/CMakeFiles/CMakeTmp'
Building CXX object CMakeFiles/cmTC_ac29b.dir/CMakeCXXCompilerABI.cpp.o
/usr/bin/c++     -o CMakeFiles/cmTC_ac29b.dir/CMakeCXXCompilerABI.cpp.o -c /usr/share/cmake-3.12/Modules/CMakeCXXCompilerABI.cpp
Linking CXX executable cmTC_ac29b
/usr/bin/cmake -E cmake_link_script CMakeFiles/cmTC_ac29b.dir/link.txt --verbose=1
/usr/bin/c++       CMakeFiles/cmTC_ac29b.dir/CMakeCXXCompilerABI.cpp.o  -o cmTC_ac29b 
make[1]: Leaving directory '/home/alix/projects/Zambretti/build/CMakeFiles/CMakeTmp'


